<?xml version="1.0" encoding="UTF-8"?>
<testng-results ignored="0" total="1" passed="0" failed="1" skipped="0">
  <reporter-output>
    <line>
      <![CDATA[Database connection is started]]>
    </line>
    <line>
      <![CDATA[Browser is launched]]>
    </line>
    <line>
      <![CDATA[Browser is maximized]]>
    </line>
    <line>
      <![CDATA[Browser is navigated to application]]>
    </line>
    <line>
      <![CDATA[Database connection flushed out or removed]]>
    </line>
  </reporter-output>
  <suite started-at="2024-12-14T14:07:49 IST" name="Default suite" finished-at="2024-12-14T14:08:19 IST" duration-ms="29662">
    <groups>
    </groups>
    <test started-at="2024-12-14T14:07:49 IST" name="Default test" finished-at="2024-12-14T14:08:19 IST" duration-ms="29662">
      <class name="TestScripts.TC01_VTiger_Contacts_test">
        <test-method is-config="true" signature="beforeSuiteConfig()[pri:0, instance:TestScripts.TC01_VTiger_Contacts_test@5bf0d49]" started-at="2024-12-14T14:07:49 IST" name="beforeSuiteConfig" finished-at="2024-12-14T14:07:49 IST" duration-ms="9" status="PASS">
          <reporter-output>
            <line>
              <![CDATA[Database connection is started]]>
            </line>
          </reporter-output>
        </test-method> <!-- beforeSuiteConfig -->
        <test-method is-config="true" signature="toLaunchBrowser()[pri:0, instance:TestScripts.TC01_VTiger_Contacts_test@5bf0d49]" started-at="2024-12-14T14:07:49 IST" name="toLaunchBrowser" finished-at="2024-12-14T14:07:51 IST" duration-ms="2238" status="PASS">
          <reporter-output>
            <line>
              <![CDATA[Browser is launched]]>
            </line>
            <line>
              <![CDATA[Browser is maximized]]>
            </line>
          </reporter-output>
        </test-method> <!-- toLaunchBrowser -->
        <test-method is-config="true" signature="navigateToURL()[pri:0, instance:TestScripts.TC01_VTiger_Contacts_test@5bf0d49]" started-at="2024-12-14T14:07:51 IST" name="navigateToURL" finished-at="2024-12-14T14:07:54 IST" duration-ms="2937" status="PASS">
          <reporter-output>
            <line>
              <![CDATA[Browser is navigated to application]]>
            </line>
          </reporter-output>
        </test-method> <!-- navigateToURL -->
        <test-method signature="contacts()[pri:0, instance:TestScripts.TC01_VTiger_Contacts_test@5bf0d49]" started-at="2024-12-14T14:07:54 IST" name="contacts" finished-at="2024-12-14T14:07:54 IST" duration-ms="11" status="FAIL">
          <exception class="java.lang.Error">
            <message>
              <![CDATA[Unresolved compilation problem: 
The annotation @Listeners is disallowed for this location
]]>
            </message>
            <full-stacktrace>
              <![CDATA[java.lang.Error: Unresolved compilation problem: 
The annotation @Listeners is disallowed for this location

at TestScripts.TC01_VTiger_Contacts_test.contacts(TC01_VTiger_Contacts_test.java:19)
at java.base/jdk.internal.reflect.DirectMethodHandleAccessor.invoke(DirectMethodHandleAccessor.java:103)
at java.base/java.lang.reflect.Method.invoke(Method.java:580)
at org.testng.internal.MethodInvocationHelper.invokeMethod(MethodInvocationHelper.java:133)
at org.testng.internal.TestInvoker.invokeMethod(TestInvoker.java:598)
at org.testng.internal.TestInvoker.invokeTestMethod(TestInvoker.java:173)
at org.testng.internal.MethodRunner.runInSequence(MethodRunner.java:46)
at org.testng.internal.TestInvoker$MethodInvocationAgent.invoke(TestInvoker.java:824)
at org.testng.internal.TestInvoker.invokeTestMethods(TestInvoker.java:146)
at org.testng.internal.TestMethodWorker.invokeTestMethods(TestMethodWorker.java:146)
at org.testng.internal.TestMethodWorker.run(TestMethodWorker.java:128)
at java.base/java.util.ArrayList.forEach(ArrayList.java:1597)
at org.testng.TestRunner.privateRun(TestRunner.java:794)
at org.testng.TestRunner.run(TestRunner.java:596)
at org.testng.SuiteRunner.runTest(SuiteRunner.java:377)
at org.testng.SuiteRunner.runSequentially(SuiteRunner.java:371)
at org.testng.SuiteRunner.privateRun(SuiteRunner.java:332)
at org.testng.SuiteRunner.run(SuiteRunner.java:276)
at org.testng.SuiteRunnerWorker.runSuite(SuiteRunnerWorker.java:53)
at org.testng.SuiteRunnerWorker.run(SuiteRunnerWorker.java:96)
at org.testng.TestNG.runSuitesSequentially(TestNG.java:1212)
at org.testng.TestNG.runSuitesLocally(TestNG.java:1134)
at org.testng.TestNG.runSuites(TestNG.java:1063)
at org.testng.TestNG.run(TestNG.java:1031)
at org.testng.remote.AbstractRemoteTestNG.run(AbstractRemoteTestNG.java:115)
at org.testng.remote.RemoteTestNG.initAndRun(RemoteTestNG.java:293)
at org.testng.remote.RemoteTestNG.main(RemoteTestNG.java:91)
]]>
            </full-stacktrace>
          </exception> <!-- java.lang.Error -->
          <reporter-output>
          </reporter-output>
        </test-method> <!-- contacts -->
        <test-method is-config="true" signature="logoutFromApplication()[pri:0, instance:TestScripts.TC01_VTiger_Contacts_test@5bf0d49]" started-at="2024-12-14T14:07:54 IST" name="logoutFromApplication" finished-at="2024-12-14T14:08:18 IST" duration-ms="24434" status="FAIL">
          <exception class="org.openqa.selenium.NoSuchElementException">
            <message>
              <![CDATA[Unable to find element with locator By.linkText: Sign Out
For documentation on this error, please visit: https://www.selenium.dev/documentation/webdriver/troubleshooting/errors#no-such-element-exception
Build info: version: '4.21.0', revision: '79ed462ef4'
System info: os.name: 'Windows 11', os.arch: 'amd64', os.version: '10.0', java.version: '23.0.1'
Driver info: driver.version: RemoteWebDriver]]>
            </message>
            <full-stacktrace>
              <![CDATA[org.openqa.selenium.NoSuchElementException: Unable to find element with locator By.linkText: Sign Out
For documentation on this error, please visit: https://www.selenium.dev/documentation/webdriver/troubleshooting/errors#no-such-element-exception
Build info: version: '4.21.0', revision: '79ed462ef4'
System info: os.name: 'Windows 11', os.arch: 'amd64', os.version: '10.0', java.version: '23.0.1'
Driver info: driver.version: RemoteWebDriver
at org.openqa.selenium.remote.ElementLocation$ElementFinder$2.findElement(ElementLocation.java:168)
at org.openqa.selenium.remote.ElementLocation.findElement(ElementLocation.java:59)
at org.openqa.selenium.remote.RemoteWebDriver.findElement(RemoteWebDriver.java:355)
at org.openqa.selenium.remote.RemoteWebDriver.findElement(RemoteWebDriver.java:349)
at org.openqa.selenium.support.pagefactory.DefaultElementLocator.findElement(DefaultElementLocator.java:68)
at org.openqa.selenium.support.pagefactory.internal.LocatingElementHandler.invoke(LocatingElementHandler.java:38)
at jdk.proxy2/jdk.proxy2.$Proxy17.click(Unknown Source)
at GenericPackage.BaseClass.logoutFromApplication(BaseClass.java:68)
at java.base/jdk.internal.reflect.DirectMethodHandleAccessor.invoke(DirectMethodHandleAccessor.java:103)
at java.base/java.lang.reflect.Method.invoke(Method.java:580)
at org.testng.internal.MethodInvocationHelper.invokeMethod(MethodInvocationHelper.java:133)
at org.testng.internal.MethodInvocationHelper.invokeMethodConsideringTimeout(MethodInvocationHelper.java:62)
at org.testng.internal.ConfigInvoker.invokeConfigurationMethod(ConfigInvoker.java:385)
at org.testng.internal.ConfigInvoker.invokeConfigurations(ConfigInvoker.java:321)
at org.testng.internal.TestInvoker.runConfigMethods(TestInvoker.java:700)
at org.testng.internal.TestInvoker.runAfterGroupsConfigurations(TestInvoker.java:676)
at org.testng.internal.TestInvoker.invokeMethod(TestInvoker.java:660)
at org.testng.internal.TestInvoker.invokeTestMethod(TestInvoker.java:173)
at org.testng.internal.MethodRunner.runInSequence(MethodRunner.java:46)
at org.testng.internal.TestInvoker$MethodInvocationAgent.invoke(TestInvoker.java:824)
at org.testng.internal.TestInvoker.invokeTestMethods(TestInvoker.java:146)
at org.testng.internal.TestMethodWorker.invokeTestMethods(TestMethodWorker.java:146)
at org.testng.internal.TestMethodWorker.run(TestMethodWorker.java:128)
at java.base/java.util.ArrayList.forEach(ArrayList.java:1597)
at org.testng.TestRunner.privateRun(TestRunner.java:794)
at org.testng.TestRunner.run(TestRunner.java:596)
at org.testng.SuiteRunner.runTest(SuiteRunner.java:377)
at org.testng.SuiteRunner.runSequentially(SuiteRunner.java:371)
at org.testng.SuiteRunner.privateRun(SuiteRunner.java:332)
at org.testng.SuiteRunner.run(SuiteRunner.java:276)
at org.testng.SuiteRunnerWorker.runSuite(SuiteRunnerWorker.java:53)
at org.testng.SuiteRunnerWorker.run(SuiteRunnerWorker.java:96)
at org.testng.TestNG.runSuitesSequentially(TestNG.java:1212)
at org.testng.TestNG.runSuitesLocally(TestNG.java:1134)
at org.testng.TestNG.runSuites(TestNG.java:1063)
at org.testng.TestNG.run(TestNG.java:1031)
at org.testng.remote.AbstractRemoteTestNG.run(AbstractRemoteTestNG.java:115)
at org.testng.remote.RemoteTestNG.initAndRun(RemoteTestNG.java:293)
at org.testng.remote.RemoteTestNG.main(RemoteTestNG.java:91)
]]>
            </full-stacktrace>
          </exception> <!-- org.openqa.selenium.NoSuchElementException -->
          <reporter-output>
          </reporter-output>
        </test-method> <!-- logoutFromApplication -->
        <test-method is-config="true" signature="toCloseBrowser()[pri:0, instance:TestScripts.TC01_VTiger_Contacts_test@5bf0d49]" started-at="2024-12-14T14:08:19 IST" name="toCloseBrowser" finished-at="1970-01-01T05:30:00 IST" duration-ms="-1734165499001" status="SKIP">
          <reporter-output>
          </reporter-output>
        </test-method> <!-- toCloseBrowser -->
        <test-method is-config="true" signature="afterSuiteConfig()[pri:0, instance:TestScripts.TC01_VTiger_Contacts_test@5bf0d49]" started-at="2024-12-14T14:08:19 IST" name="afterSuiteConfig" finished-at="2024-12-14T14:08:19 IST" duration-ms="1" status="PASS">
          <reporter-output>
            <line>
              <![CDATA[Database connection flushed out or removed]]>
            </line>
          </reporter-output>
        </test-method> <!-- afterSuiteConfig -->
      </class> <!-- TestScripts.TC01_VTiger_Contacts_test -->
    </test> <!-- Default test -->
  </suite> <!-- Default suite -->
</testng-results>
